Using pre-set license
Built from '2021.2/staging' branch; Version is '2021.2.9f1 (921b45a28ab6) revision 9575237'; Using compiler version '192829333'; Build Type 'Release'
OS: 'Windows 10  (10.0.19044) 64bit Professional' Language: 'en' Physical Memory: 12247 MB
BatchMode: 1, IsHumanControllingUs: 0, StartBugReporterOnCrash: 0, Is64bit: 1, IsPro: 0

COMMAND LINE ARGUMENTS:
C:\Program Files\Unity\Hub\Editor\2021.2.9f1\Editor\Unity.exe
-adb2
-batchMode
-noUpm
-name
AssetImportWorker0
-projectPath
D:/Development/needed/our banges/unity/jams/LightStart/LightStart
-logFile
Logs/AssetImportWorker0.log
-srvPort
60707
Successfully changed project path to: D:/Development/needed/our banges/unity/jams/LightStart/LightStart
D:/Development/needed/our banges/unity/jams/LightStart/LightStart
[UnityMemory] Configuration Parameters - Can be set up in boot.config
    "memorysetup-bucket-allocator-granularity=16"
    "memorysetup-bucket-allocator-bucket-count=8"
    "memorysetup-bucket-allocator-block-size=33554432"
    "memorysetup-bucket-allocator-block-count=8"
    "memorysetup-main-allocator-block-size=16777216"
    "memorysetup-thread-allocator-block-size=16777216"
    "memorysetup-gfx-main-allocator-block-size=16777216"
    "memorysetup-gfx-thread-allocator-block-size=16777216"
    "memorysetup-cache-allocator-block-size=4194304"
    "memorysetup-typetree-allocator-block-size=2097152"
    "memorysetup-profiler-bucket-allocator-granularity=16"
    "memorysetup-profiler-bucket-allocator-bucket-count=8"
    "memorysetup-profiler-bucket-allocator-block-size=33554432"
    "memorysetup-profiler-bucket-allocator-block-count=8"
    "memorysetup-profiler-allocator-block-size=16777216"
    "memorysetup-profiler-editor-allocator-block-size=1048576"
    "memorysetup-temp-allocator-size-main=16777216"
    "memorysetup-job-temp-allocator-block-size=2097152"
    "memorysetup-job-temp-allocator-block-size-background=1048576"
    "memorysetup-job-temp-allocator-reduction-small-platforms=262144"
    "memorysetup-temp-allocator-size-background-worker=32768"
    "memorysetup-temp-allocator-size-job-worker=262144"
    "memorysetup-temp-allocator-size-preload-manager=33554432"
    "memorysetup-temp-allocator-size-nav-mesh-worker=65536"
    "memorysetup-temp-allocator-size-audio-worker=65536"
    "memorysetup-temp-allocator-size-cloud-worker=32768"
    "memorysetup-temp-allocator-size-gi-baking-worker=262144"
    "memorysetup-temp-allocator-size-gfx=262144"
Refreshing native plugins compatible for Editor in 213.03 ms, found 3 plugins.
Preloading 0 native plugins for Editor in 0.00 ms.
Initialize engine version: 2021.2.9f1 (921b45a28ab6)
[Subsystems] Discovering subsystems at path C:/Program Files/Unity/Hub/Editor/2021.2.9f1/Editor/Data/Resources/UnitySubsystems
[Subsystems] Discovering subsystems at path D:/Development/needed/our banges/unity/jams/LightStart/LightStart/Assets
GfxDevice: creating device client; threaded=0; jobified=0
Direct3D:
    Version:  Direct3D 11.0 [level 11.1]
    Renderer: NVIDIA GeForce GTX 950 (ID=0x1402)
    Vendor:   NVIDIA
    VRAM:     2007 MB
    Driver:   30.0.14.9729
Initialize mono
Mono path[0] = 'C:/Program Files/Unity/Hub/Editor/2021.2.9f1/Editor/Data/Managed'
Mono path[1] = 'C:/Program Files/Unity/Hub/Editor/2021.2.9f1/Editor/Data/MonoBleedingEdge/lib/mono/unityjit-win32'
Mono config path = 'C:/Program Files/Unity/Hub/Editor/2021.2.9f1/Editor/Data/MonoBleedingEdge/etc'
Using monoOptions --debugger-agent=transport=dt_socket,embedding=1,server=y,suspend=n,address=127.0.0.1:56640
Begin MonoManager ReloadAssembly
Registering precompiled unity dll's ...
Register platform support module: C:/Program Files/Unity/Hub/Editor/2021.2.9f1/Editor/Data/PlaybackEngines/WindowsStandaloneSupport/UnityEditor.WindowsStandalone.Extensions.dll
Registered in 0.020511 seconds.
Native extension for WindowsStandalone target not found
Refreshing native plugins compatible for Editor in 253.05 ms, found 3 plugins.
Preloading 0 native plugins for Editor in 0.00 ms.
Mono: successfully reloaded assembly
- Completed reload, in  1.681 seconds
Domain Reload Profiling:
	ReloadAssembly (1682ms)
		BeginReloadAssembly (178ms)
			ExecutionOrderSort (0ms)
			DisableScriptedObjects (0ms)
			BackupInstance (0ms)
			ReleaseScriptingObjects (0ms)
			CreateAndSetChildDomain (2ms)
		EndReloadAssembly (1302ms)
			LoadAssemblies (171ms)
			RebuildTransferFunctionScriptingTraits (0ms)
			SetupTypeCache (269ms)
			ReleaseScriptCaches (0ms)
			RebuildScriptCaches (74ms)
			SetupLoadedEditorAssemblies (823ms)
				LogAssemblyErrors (0ms)
				InitializePlatformSupportModulesInManaged (34ms)
				SetLoadedEditorAssemblies (1ms)
				RefreshPlugins (253ms)
				BeforeProcessingInitializeOnLoad (3ms)
				ProcessInitializeOnLoadAttributes (384ms)
				ProcessInitializeOnLoadMethodAttributes (148ms)
				AfterProcessingInitializeOnLoad (0ms)
				EditorAssembliesLoaded (0ms)
			ExecutionOrderSort2 (0ms)
			AwakeInstancesAfterBackupRestoration (0ms)
Platform modules already initialized, skipping
Registering precompiled user dll's ...
Registered in 0.014952 seconds.
Begin MonoManager ReloadAssembly
Symbol file LoadedFromMemory doesn't match image D:\Development\needed\our banges\unity\jams\LightStart\LightStart\Library\PackageCache\com.unity.visualscripting@1.7.6\Editor\VisualScripting.Core\Dependencies\YamlDotNet\Unity.VisualScripting.YamlDotNet.dll
Symbol file LoadedFromMemory doesn't match image D:\Development\needed\our banges\unity\jams\LightStart\LightStart\Library\PackageCache\com.unity.visualscripting@1.7.6\Editor\VisualScripting.Core\Dependencies\DotNetZip\Unity.VisualScripting.IonicZip.dll
Native extension for WindowsStandalone target not found
Refreshing native plugins compatible for Editor in 252.07 ms, found 3 plugins.
Preloading 0 native plugins for Editor in 0.00 ms.
Mono: successfully reloaded assembly
- Completed reload, in  5.015 seconds
Domain Reload Profiling:
	ReloadAssembly (5017ms)
		BeginReloadAssembly (285ms)
			ExecutionOrderSort (0ms)
			DisableScriptedObjects (15ms)
			BackupInstance (0ms)
			ReleaseScriptingObjects (0ms)
			CreateAndSetChildDomain (43ms)
		EndReloadAssembly (4463ms)
			LoadAssemblies (211ms)
			RebuildTransferFunctionScriptingTraits (0ms)
			SetupTypeCache (735ms)
			ReleaseScriptCaches (1ms)
			RebuildScriptCaches (195ms)
			SetupLoadedEditorAssemblies (3177ms)
				LogAssemblyErrors (0ms)
				InitializePlatformSupportModulesInManaged (31ms)
				SetLoadedEditorAssemblies (0ms)
				RefreshPlugins (252ms)
				BeforeProcessingInitializeOnLoad (274ms)
				ProcessInitializeOnLoadAttributes (2405ms)
				ProcessInitializeOnLoadMethodAttributes (188ms)
				AfterProcessingInitializeOnLoad (27ms)
				EditorAssembliesLoaded (0ms)
			ExecutionOrderSort2 (0ms)
			AwakeInstancesAfterBackupRestoration (22ms)
Platform modules already initialized, skipping
========================================================================
Worker process is ready to serve import requests
Launched and connected shader compiler UnityShaderCompiler.exe after 0.20 seconds
Refreshing native plugins compatible for Editor in 1.34 ms, found 3 plugins.
Preloading 0 native plugins for Editor in 0.00 ms.
Unloading 4863 Unused Serialized files (Serialized files now loaded: 0)
Unloading 33 unused Assets / (0.7 MB). Loaded Objects now: 5313.
Memory consumption went from 191.4 MB to 190.7 MB.
Total: 9.446300 ms (FindLiveObjects: 0.848200 ms CreateObjectMapping: 0.330700 ms MarkObjects: 7.590200 ms  DeleteObjects: 0.674900 ms)

AssetImportParameters requested are different than current active one (requested -> active):
  custom:video-decoder-ogg-theora: a1e56fd34408186e4bbccfd4996cb3dc -> 
  custom:container-muxer-webm: aa71ff27fc2769a1b78a27578f13a17b -> 
  custom:container-demuxer-webm: 4f35f7cbe854078d1ac9338744f61a02 -> 
  custom:video-encoder-webm-vp8: eb34c28f22e8b96e1ab97ce403110664 -> 
  custom:audio-encoder-webm-vorbis: bf7c407c2cedff20999df2af8eb42d56 -> 
  custom:framework-win-MediaFoundation: 216162199b28c13a410421893ffa2e32 -> 
  custom:container-demuxer-ogg: 62fdf1f143b41e24485cea50d1cbac27 -> 
  custom:video-decoder-webm-vp8: 9c59270c3fd7afecdb556c50c9e8de78 -> 
  custom:audio-decoder-ogg-vorbis: bf7c407c2cedff20999df2af8eb42d56 -> 
========================================================================
Received Prepare
Registering precompiled user dll's ...
Registered in 0.011668 seconds.
Begin MonoManager ReloadAssembly
Symbol file LoadedFromMemory doesn't match image D:\Development\needed\our banges\unity\jams\LightStart\LightStart\Library\PackageCache\com.unity.visualscripting@1.7.6\Editor\VisualScripting.Core\Dependencies\YamlDotNet\Unity.VisualScripting.YamlDotNet.dll
Symbol file LoadedFromMemory doesn't match image D:\Development\needed\our banges\unity\jams\LightStart\LightStart\Library\PackageCache\com.unity.visualscripting@1.7.6\Editor\VisualScripting.Core\Dependencies\DotNetZip\Unity.VisualScripting.IonicZip.dll
Native extension for WindowsStandalone target not found
Refreshing native plugins compatible for Editor in 1.49 ms, found 3 plugins.
Preloading 0 native plugins for Editor in 0.00 ms.
Mono: successfully reloaded assembly
- Completed reload, in  3.167 seconds
Domain Reload Profiling:
	ReloadAssembly (3169ms)
		BeginReloadAssembly (376ms)
			ExecutionOrderSort (0ms)
			DisableScriptedObjects (14ms)
			BackupInstance (0ms)
			ReleaseScriptingObjects (0ms)
			CreateAndSetChildDomain (105ms)
		EndReloadAssembly (2540ms)
			LoadAssemblies (218ms)
			RebuildTransferFunctionScriptingTraits (0ms)
			SetupTypeCache (705ms)
			ReleaseScriptCaches (4ms)
			RebuildScriptCaches (132ms)
			SetupLoadedEditorAssemblies (1360ms)
				LogAssemblyErrors (0ms)
				InitializePlatformSupportModulesInManaged (28ms)
				SetLoadedEditorAssemblies (1ms)
				RefreshPlugins (2ms)
				BeforeProcessingInitializeOnLoad (208ms)
				ProcessInitializeOnLoadAttributes (921ms)
				ProcessInitializeOnLoadMethodAttributes (175ms)
				AfterProcessingInitializeOnLoad (24ms)
				EditorAssembliesLoaded (0ms)
			ExecutionOrderSort2 (0ms)
			AwakeInstancesAfterBackupRestoration (43ms)
Platform modules already initialized, skipping
Refreshing native plugins compatible for Editor in 1.51 ms, found 3 plugins.
Preloading 0 native plugins for Editor in 0.00 ms.
Unloading 4742 Unused Serialized files (Serialized files now loaded: 0)
Unloading 28 unused Assets / (0.7 MB). Loaded Objects now: 5315.
Memory consumption went from 183.2 MB to 182.5 MB.
Total: 6.865300 ms (FindLiveObjects: 1.027900 ms CreateObjectMapping: 0.365000 ms MarkObjects: 5.036900 ms  DeleteObjects: 0.433700 ms)

AssetImportParameters requested are different than current active one (requested -> active):
  custom:video-decoder-ogg-theora: a1e56fd34408186e4bbccfd4996cb3dc -> 
  custom:container-muxer-webm: aa71ff27fc2769a1b78a27578f13a17b -> 
  custom:container-demuxer-webm: 4f35f7cbe854078d1ac9338744f61a02 -> 
  custom:video-encoder-webm-vp8: eb34c28f22e8b96e1ab97ce403110664 -> 
  custom:audio-encoder-webm-vorbis: bf7c407c2cedff20999df2af8eb42d56 -> 
  custom:framework-win-MediaFoundation: 216162199b28c13a410421893ffa2e32 -> 
  custom:container-demuxer-ogg: 62fdf1f143b41e24485cea50d1cbac27 -> 
  custom:video-decoder-webm-vp8: 9c59270c3fd7afecdb556c50c9e8de78 -> 
  custom:audio-decoder-ogg-vorbis: bf7c407c2cedff20999df2af8eb42d56 -> 
========================================================================
Received Import Request.
  Time since last request: 1122379.327902 seconds.
  path: Assets
  artifactKey: Guid(00000000000000001000000000000000) Importer(815301076,1909f56bfc062723c751e8b465ee728b)
Start importing Assets using Guid(00000000000000001000000000000000) Importer(815301076,1909f56bfc062723c751e8b465ee728b)  -> (artifact id: '79842766b460edbeab6a34051e857a80') in 0.023974 seconds 
========================================================================
Received Import Request.
  Time since last request: 6.055589 seconds.
  path: Assets/Scripts
  artifactKey: Guid(d85f403815ac3a741884256241955e10) Importer(815301076,1909f56bfc062723c751e8b465ee728b)
Start importing Assets/Scripts using Guid(d85f403815ac3a741884256241955e10) Importer(815301076,1909f56bfc062723c751e8b465ee728b)  -> (artifact id: '3f453493b80b104f5547e3ae317e54d4') in 0.012467 seconds 
========================================================================
Received Import Request.
  Time since last request: 5.696789 seconds.
  path: Assets/Plugins
  artifactKey: Guid(1bf1b6039823a23468fa95222ab98114) Importer(815301076,1909f56bfc062723c751e8b465ee728b)
Start importing Assets/Plugins using Guid(1bf1b6039823a23468fa95222ab98114) Importer(815301076,1909f56bfc062723c751e8b465ee728b)  -> (artifact id: '8fa4c7f67e0cf0b0aee214d6a378e7ab') in 0.009419 seconds 
========================================================================
Received Import Request.
  Time since last request: 42.517511 seconds.
  path: Assets/Graphics
  artifactKey: Guid(ad3a93dc4fa57cf488b8e46a98145820) Importer(815301076,1909f56bfc062723c751e8b465ee728b)
Start importing Assets/Graphics using Guid(ad3a93dc4fa57cf488b8e46a98145820) Importer(815301076,1909f56bfc062723c751e8b465ee728b)  -> (artifact id: '1d41e1e9599ad27333734d9d424437f2') in 0.009954 seconds 
========================================================================
Received Import Request.
  Time since last request: 8.407432 seconds.
  path: Assets/Scripts/Features
  artifactKey: Guid(36c21ec24e6e9a045866bb3944679fed) Importer(815301076,1909f56bfc062723c751e8b465ee728b)
Start importing Assets/Scripts/Features using Guid(36c21ec24e6e9a045866bb3944679fed) Importer(815301076,1909f56bfc062723c751e8b465ee728b)  -> (artifact id: 'ea77c7972fe772c5507b513b52235002') in 0.009864 seconds 
========================================================================
Received Import Request.
  Time since last request: 8.647343 seconds.
  path: Assets/Scripts/Features/_SampleFeature
  artifactKey: Guid(c37fed75d7989f9458645a8fd647f8db) Importer(815301076,1909f56bfc062723c751e8b465ee728b)
Start importing Assets/Scripts/Features/_SampleFeature using Guid(c37fed75d7989f9458645a8fd647f8db) Importer(815301076,1909f56bfc062723c751e8b465ee728b)  -> (artifact id: 'e1228144481d75cc4323a52826ff2d28') in 0.010187 seconds 
========================================================================
Received Import Request.
  Time since last request: 5.630630 seconds.
  path: Assets/Scripts/Features/_SampleFeature/Bootstrap
  artifactKey: Guid(0feaf1b465c41994594b28cc1b827971) Importer(815301076,1909f56bfc062723c751e8b465ee728b)
Start importing Assets/Scripts/Features/_SampleFeature/Bootstrap using Guid(0feaf1b465c41994594b28cc1b827971) Importer(815301076,1909f56bfc062723c751e8b465ee728b)  -> (artifact id: 'df2f57150c2605fc148ee109a8948cdf') in 0.012722 seconds 
========================================================================
Received Import Request.
  Time since last request: 9.109062 seconds.
  path: Assets/Scripts/Features/_SampleFeature/Configs
  artifactKey: Guid(c6df1f9872d272e42b6737b81326e96c) Importer(815301076,1909f56bfc062723c751e8b465ee728b)
Start importing Assets/Scripts/Features/_SampleFeature/Configs using Guid(c6df1f9872d272e42b6737b81326e96c) Importer(815301076,1909f56bfc062723c751e8b465ee728b)  -> (artifact id: 'e3ad6263e1ef9f31b792962db35ff4e3') in 0.010599 seconds 
========================================================================
Received Import Request.
  Time since last request: 4.268810 seconds.
  path: Assets/Scripts/Features/_SampleFeature/Data
  artifactKey: Guid(c198b66cf7a0bf8479ccdc6cc2c606dd) Importer(815301076,1909f56bfc062723c751e8b465ee728b)
Start importing Assets/Scripts/Features/_SampleFeature/Data using Guid(c198b66cf7a0bf8479ccdc6cc2c606dd) Importer(815301076,1909f56bfc062723c751e8b465ee728b)  -> (artifact id: '8c89d87ca1261f836613df436bed4718') in 0.008064 seconds 
========================================================================
Received Import Request.
  Time since last request: 15.225491 seconds.
  path: Assets/Scripts/Features/_SampleFeature/Factories
  artifactKey: Guid(750ad0d10b82f324ab26fca6bff75c36) Importer(815301076,1909f56bfc062723c751e8b465ee728b)
Start importing Assets/Scripts/Features/_SampleFeature/Factories using Guid(750ad0d10b82f324ab26fca6bff75c36) Importer(815301076,1909f56bfc062723c751e8b465ee728b)  -> (artifact id: 'eb013f7bec956796358030c8aef5dad2') in 0.009398 seconds 
========================================================================
Received Import Request.
  Time since last request: 5.374383 seconds.
  path: Assets/Scripts/Features/_SampleFeature/Messages
  artifactKey: Guid(7ead85e358d5893428730948850efcdf) Importer(815301076,1909f56bfc062723c751e8b465ee728b)
Start importing Assets/Scripts/Features/_SampleFeature/Messages using Guid(7ead85e358d5893428730948850efcdf) Importer(815301076,1909f56bfc062723c751e8b465ee728b)  -> (artifact id: '5a4bb01f156b3051eee42b041f59ac08') in 0.011812 seconds 
========================================================================
Received Import Request.
  Time since last request: 6.128160 seconds.
  path: Assets/Scripts/Features/_SampleFeature/Views
  artifactKey: Guid(491dceefcfbba114984661c96ad66590) Importer(815301076,1909f56bfc062723c751e8b465ee728b)
Start importing Assets/Scripts/Features/_SampleFeature/Views using Guid(491dceefcfbba114984661c96ad66590) Importer(815301076,1909f56bfc062723c751e8b465ee728b)  -> (artifact id: 'd4548f6820d80d09c87b00569a4ad721') in 0.010055 seconds 
========================================================================
Received Import Request.
  Time since last request: 14.936715 seconds.
  path: Assets/Graphics/_SampleModel
  artifactKey: Guid(0973ed90872fd62459cd07ae2e3260e5) Importer(815301076,1909f56bfc062723c751e8b465ee728b)
Start importing Assets/Graphics/_SampleModel using Guid(0973ed90872fd62459cd07ae2e3260e5) Importer(815301076,1909f56bfc062723c751e8b465ee728b)  -> (artifact id: '5991ae7390075f6de7cbda2aff41f888') in 0.012034 seconds 
========================================================================
Received Import Request.
  Time since last request: 8.304127 seconds.
  path: Assets/Graphics/_SampleModel/Model
  artifactKey: Guid(6554c24762bef32449de5f82049b7d50) Importer(815301076,1909f56bfc062723c751e8b465ee728b)
Start importing Assets/Graphics/_SampleModel/Model using Guid(6554c24762bef32449de5f82049b7d50) Importer(815301076,1909f56bfc062723c751e8b465ee728b)  -> (artifact id: '22c7f5a5620a7615494d9543bed2c259') in 0.010979 seconds 
========================================================================
Received Import Request.
  Time since last request: 6.024714 seconds.
  path: Assets/Graphics/_SampleModel/Materials
  artifactKey: Guid(4a7afaf269c21f1429869d226c2d64df) Importer(815301076,1909f56bfc062723c751e8b465ee728b)
Start importing Assets/Graphics/_SampleModel/Materials using Guid(4a7afaf269c21f1429869d226c2d64df) Importer(815301076,1909f56bfc062723c751e8b465ee728b)  -> (artifact id: '2cf52e18ac6bc9ca35781c2cb864dfdf') in 0.009452 seconds 
========================================================================
Received Import Request.
  Time since last request: 5.949414 seconds.
  path: Assets/Graphics/_SampleModel/Texures
  artifactKey: Guid(04fbc96fff1faba459bccb43767d7393) Importer(815301076,1909f56bfc062723c751e8b465ee728b)
Start importing Assets/Graphics/_SampleModel/Texures using Guid(04fbc96fff1faba459bccb43767d7393) Importer(815301076,1909f56bfc062723c751e8b465ee728b)  -> (artifact id: 'dcdbd6dae37eb749e6668061df66f634') in 0.008733 seconds 
========================================================================
Received Import Request.
  Time since last request: 4.812899 seconds.
  path: Assets/Graphics/Prefabs
  artifactKey: Guid(2c8fbda161e8f4347afa63047f367256) Importer(815301076,1909f56bfc062723c751e8b465ee728b)
Start importing Assets/Graphics/Prefabs using Guid(2c8fbda161e8f4347afa63047f367256) Importer(815301076,1909f56bfc062723c751e8b465ee728b)  -> (artifact id: '98341473289d7c130ad2c5738ea3fb51') in 0.010499 seconds 
========================================================================
Received Import Request.
  Time since last request: 7.168021 seconds.
  path: Assets/Graphics/_SampleModel/VFX
  artifactKey: Guid(da0cab50392195741a29a6ef2054c9d2) Importer(815301076,1909f56bfc062723c751e8b465ee728b)
Start importing Assets/Graphics/_SampleModel/VFX using Guid(da0cab50392195741a29a6ef2054c9d2) Importer(815301076,1909f56bfc062723c751e8b465ee728b)  -> (artifact id: '949681b47df6530d9175ea1dbd8aff0e') in 0.009085 seconds 
========================================================================
Received Import Request.
  Time since last request: 4.412423 seconds.
  path: Assets/Scenes
  artifactKey: Guid(e3102d384f668d046b3bd553bd5d6bdb) Importer(815301076,1909f56bfc062723c751e8b465ee728b)
Start importing Assets/Scenes using Guid(e3102d384f668d046b3bd553bd5d6bdb) Importer(815301076,1909f56bfc062723c751e8b465ee728b)  -> (artifact id: '94a5c7b4829fb1f23ff851db52d70864') in 0.009842 seconds 
========================================================================
Received Import Request.
  Time since last request: 4.580495 seconds.
  path: Assets/Scenes/DevTest
  artifactKey: Guid(9cd9fb6a5c73a7143865d4b3e37d0564) Importer(815301076,1909f56bfc062723c751e8b465ee728b)
Start importing Assets/Scenes/DevTest using Guid(9cd9fb6a5c73a7143865d4b3e37d0564) Importer(815301076,1909f56bfc062723c751e8b465ee728b)  -> (artifact id: 'fc91ec34f676b1437af7d382d2561e15') in 0.010030 seconds 
========================================================================
Received Import Request.
  Time since last request: 9.643145 seconds.
  path: Assets/Scenes/DevTest/CharacterBehaviours
  artifactKey: Guid(e50e2d447bcb4bc4f949152c899e95a7) Importer(815301076,1909f56bfc062723c751e8b465ee728b)
Start importing Assets/Scenes/DevTest/CharacterBehaviours using Guid(e50e2d447bcb4bc4f949152c899e95a7) Importer(815301076,1909f56bfc062723c751e8b465ee728b)  -> (artifact id: 'dfc950f364a3b4312e0909d5f3ae172b') in 0.009986 seconds 
========================================================================
Received Import Request.
  Time since last request: 3.099470 seconds.
  path: Assets/Settings
  artifactKey: Guid(709f11a7f3c4041caa4ef136ea32d874) Importer(815301076,1909f56bfc062723c751e8b465ee728b)
Start importing Assets/Settings using Guid(709f11a7f3c4041caa4ef136ea32d874) Importer(815301076,1909f56bfc062723c751e8b465ee728b)  -> (artifact id: 'dfaa9b38051423c63420310940c3f677') in 0.009044 seconds 
========================================================================
Received Import Request.
  Time since last request: 18.965270 seconds.
  path: Assets/Scenes/PublishLevels
  artifactKey: Guid(e1a108ca5020a20439ba9fe678f95f89) Importer(815301076,1909f56bfc062723c751e8b465ee728b)
Start importing Assets/Scenes/PublishLevels using Guid(e1a108ca5020a20439ba9fe678f95f89) Importer(815301076,1909f56bfc062723c751e8b465ee728b)  -> (artifact id: '1c3bd8a0c93c78a8454fae444f7a2c15') in 0.011020 seconds 
